<?xml version="1.0" encoding="UTF-8"?>
<!-- Generated by org.testng.reporters.JUnitReportReporter -->
<testsuite hostname="PF45RTJV221201" failures="0" tests="1" name="salescloud.tests.SubmitFormValidation" time="10.237" errors="0" timestamp="2024-08-02T00:28:47 IST" skipped="0">
  <testcase classname="salescloud.tests.SubmitFormValidation" name="testProducts_SubmitformForAnyProduct" time="10.237"/>
</testsuite> <!-- salescloud.tests.SubmitFormValidation -->
