<?xml version="1.0" encoding="UTF-8"?>
<!-- Generated by org.testng.reporters.JUnitReportReporter -->
<testsuite hostname="PF45RTJV221201" failures="0" tests="3" name="salescloud.tests.HomePageValidation" time="59.906" errors="0" timestamp="2024-08-01T15:58:44 IST" skipped="0">
  <testcase classname="salescloud.tests.HomePageValidation" name="testHomePageTitle" time="9.634"/>
  <testcase classname="salescloud.tests.HomePageValidation" name="testProducts_telecommunication" time="25.354"/>
  <testcase classname="salescloud.tests.HomePageValidation" name="testProducts_Utilties" time="24.918"/>
</testsuite> <!-- salescloud.tests.HomePageValidation -->
